<?xml version="1.0" encoding="UTF-8"?>
<testsuite xmlns:xsi="http://www.w3.org/2001/XMLSchema-instance" xsi:noNamespaceSchemaLocation="https://maven.apache.org/surefire/maven-failsafe-plugin/xsd/failsafe-test-report.xsd" name="org.opendatakit.aggregate.odktables.api.TableServiceTestIT" time="7.747" tests="6" errors="0" skipped="0" failures="0">
  <properties>
    <property name="awt.toolkit" value="sun.awt.X11.XToolkit"/>
    <property name="file.encoding.pkg" value="sun.io"/>
    <property name="java.specification.version" value="1.8"/>
    <property name="sun.cpu.isalist" value=""/>
    <property name="sun.jnu.encoding" value="UTF-8"/>
    <property name="java.class.path" value="/home/ubuntu/sync-endpoint-default-setup/sync-endpoint/mysql-test/target/test-classes:/home/ubuntu/sync-endpoint-default-setup/sync-endpoint/mysql-test/target/mysql-test-2.1.3.jar:/home/ubuntu/.m2/repository/org/apache/commons/commons-pool2/2.6.0/commons-pool2-2.6.0.jar:/home/ubuntu/.m2/repository/org/apache/commons/commons-dbcp2/2.5.0/commons-dbcp2-2.5.0.jar:/home/ubuntu/.m2/repository/com/microsoft/sqlserver/mssql-jdbc/7.0.0.jre8/mssql-jdbc-7.0.0.jre8.jar:/home/ubuntu/.m2/repository/com/microsoft/azure/adal4j/1.6.3/adal4j-1.6.3.jar:/home/ubuntu/.m2/repository/com/nimbusds/oauth2-oidc-sdk/5.64.4/oauth2-oidc-sdk-5.64.4.jar:/home/ubuntu/.m2/repository/com/sun/mail/javax.mail/1.6.1/javax.mail-1.6.1.jar:/home/ubuntu/.m2/repository/com/github/stephenc/jcip/jcip-annotations/1.0-1/jcip-annotations-1.0-1.jar:/home/ubuntu/.m2/repository/net/minidev/json-smart/2.3/json-smart-2.3.jar:/home/ubuntu/.m2/repository/net/minidev/accessors-smart/1.2/accessors-smart-1.2.jar:/home/ubuntu/.m2/repository/org/ow2/asm/asm/5.0.4/asm-5.0.4.jar:/home/ubuntu/.m2/repository/com/nimbusds/lang-tag/1.4.4/lang-tag-1.4.4.jar:/home/ubuntu/.m2/repository/com/nimbusds/nimbus-jose-jwt/7.4/nimbus-jose-jwt-7.4.jar:/home/ubuntu/.m2/repository/org/bouncycastle/bcprov-jdk15on/1.60/bcprov-jdk15on-1.60.jar:/home/ubuntu/.m2/repository/org/bouncycastle/bcpkix-jdk15on/1.60/bcpkix-jdk15on-1.60.jar:/home/ubuntu/.m2/repository/commons-codec/commons-codec/1.11/commons-codec-1.11.jar:/home/ubuntu/.m2/repository/commons-fileupload/commons-fileupload/1.4/commons-fileupload-1.4.jar:/home/ubuntu/.m2/repository/commons-io/commons-io/2.6/commons-io-2.6.jar:/home/ubuntu/.m2/repository/org/apache/commons/commons-lang3/3.5/commons-lang3-3.5.jar:/home/ubuntu/.m2/repository/commons-logging/commons-logging/1.2/commons-logging-1.2.jar:/home/ubuntu/.m2/repository/com/google/api-client/google-api-client/1.28.0/google-api-client-1.28.0.jar:/home/ubuntu/.m2/repository/com/google/http-client/google-http-client-apache/2.0.0/google-http-client-apache-2.0.0.jar:/home/ubuntu/.m2/repository/com/google/apis/google-api-services-sheets/v4-rev553-1.25.0/google-api-services-sheets-v4-rev553-1.25.0.jar:/home/ubuntu/.m2/repository/com/google/apis/google-api-services-drive/v3-rev136-1.25.0/google-api-services-drive-v3-rev136-1.25.0.jar:/home/ubuntu/.m2/repository/com/google/code/gson/gson/2.8.5/gson-2.8.5.jar:/home/ubuntu/.m2/repository/com/google/guava/guava/27.0.1-jre/guava-27.0.1-jre.jar:/home/ubuntu/.m2/repository/com/google/guava/failureaccess/1.0.1/failureaccess-1.0.1.jar:/home/ubuntu/.m2/repository/com/google/guava/listenablefuture/9999.0-empty-to-avoid-conflict-with-guava/listenablefuture-9999.0-empty-to-avoid-conflict-with-guava.jar:/home/ubuntu/.m2/repository/org/checkerframework/checker-qual/2.5.2/checker-qual-2.5.2.jar:/home/ubuntu/.m2/repository/com/google/errorprone/error_prone_annotations/2.2.0/error_prone_annotations-2.2.0.jar:/home/ubuntu/.m2/repository/com/google/j2objc/j2objc-annotations/1.1/j2objc-annotations-1.1.jar:/home/ubuntu/.m2/repository/org/codehaus/mojo/animal-sniffer-annotations/1.17/animal-sniffer-annotations-1.17.jar:/home/ubuntu/.m2/repository/com/google/http-client/google-http-client/1.28.0/google-http-client-1.28.0.jar:/home/ubuntu/.m2/repository/io/opencensus/opencensus-api/0.18.0/opencensus-api-0.18.0.jar:/home/ubuntu/.m2/repository/io/grpc/grpc-context/1.14.0/grpc-context-1.14.0.jar:/home/ubuntu/.m2/repository/io/opencensus/opencensus-contrib-http-util/0.18.0/opencensus-contrib-http-util-0.18.0.jar:/home/ubuntu/.m2/repository/com/google/http-client/google-http-client-jackson2/1.28.0/google-http-client-jackson2-1.28.0.jar:/home/ubuntu/.m2/repository/com/google/oauth-client/google-oauth-client/1.28.0/google-oauth-client-1.28.0.jar:/home/ubuntu/.m2/repository/org/apache/httpcomponents/httpclient/4.5.7/httpclient-4.5.7.jar:/home/ubuntu/.m2/repository/org/apache/httpcomponents/httpcore/4.4.11/httpcore-4.4.11.jar:/home/ubuntu/.m2/repository/org/apache/httpcomponents/httpmime/4.5.7/httpmime-4.5.7.jar:/home/ubuntu/.m2/repository/com/fasterxml/jackson/core/jackson-annotations/2.9.8/jackson-annotations-2.9.8.jar:/home/ubuntu/.m2/repository/com/fasterxml/jackson/core/jackson-core/2.9.8/jackson-core-2.9.8.jar:/home/ubuntu/.m2/repository/com/fasterxml/jackson/core/jackson-databind/2.9.8/jackson-databind-2.9.8.jar:/home/ubuntu/.m2/repository/com/fasterxml/jackson/dataformat/jackson-dataformat-xml/2.9.8/jackson-dataformat-xml-2.9.8.jar:/home/ubuntu/.m2/repository/com/fasterxml/jackson/module/jackson-module-jaxb-annotations/2.9.8/jackson-module-jaxb-annotations-2.9.8.jar:/home/ubuntu/.m2/repository/org/codehaus/woodstox/stax2-api/3.1.4/stax2-api-3.1.4.jar:/home/ubuntu/.m2/repository/com/fasterxml/woodstox/woodstox-core/5.0.3/woodstox-core-5.0.3.jar:/home/ubuntu/.m2/repository/com/fasterxml/jackson/jaxrs/jackson-jaxrs-json-provider/2.9.8/jackson-jaxrs-json-provider-2.9.8.jar:/home/ubuntu/.m2/repository/com/fasterxml/jackson/jaxrs/jackson-jaxrs-base/2.9.8/jackson-jaxrs-base-2.9.8.jar:/home/ubuntu/.m2/repository/com/fasterxml/jackson/jaxrs/jackson-jaxrs-xml-provider/2.9.8/jackson-jaxrs-xml-provider-2.9.8.jar:/home/ubuntu/.m2/repository/org/codehaus/woodstox/woodstox-core-asl/4.4.1/woodstox-core-asl-4.4.1.jar:/home/ubuntu/.m2/repository/javax/xml/stream/stax-api/1.0-2/stax-api-1.0-2.jar:/home/ubuntu/.m2/repository/com/github/jai-imageio/jai-imageio-core/1.4.0/jai-imageio-core-1.4.0.jar:/home/ubuntu/.m2/repository/org/opendatakit/opendatakit-javarosa/2.8.1/opendatakit-javarosa-2.8.1.jar:/home/ubuntu/.m2/repository/joda-time/joda-time/2.10.1/joda-time-2.10.1.jar:/home/ubuntu/.m2/repository/com/google/code/findbugs/jsr305/3.0.2/jsr305-3.0.2.jar:/home/ubuntu/.m2/repository/net/sf/kxml/kxml2/2.3.0/kxml2-2.3.0.jar:/home/ubuntu/.m2/repository/mysql/mysql-connector-java/5.1.47/mysql-connector-java-5.1.47.jar:/home/ubuntu/.m2/repository/org/postgresql/postgresql/42.2.5.jre7/postgresql-42.2.5.jre7.jar:/home/ubuntu/.m2/repository/javax/servlet/javax.servlet-api/4.0.1/javax.servlet-api-4.0.1.jar:/home/ubuntu/.m2/repository/org/slf4j/slf4j-api/1.7.25/slf4j-api-1.7.25.jar:/home/ubuntu/.m2/repository/org/slf4j/slf4j-jcl/1.7.25/slf4j-jcl-1.7.25.jar:/home/ubuntu/.m2/repository/org/springframework/spring-aop/4.3.22.RELEASE/spring-aop-4.3.22.RELEASE.jar:/home/ubuntu/.m2/repository/org/springframework/spring-aspects/4.3.22.RELEASE/spring-aspects-4.3.22.RELEASE.jar:/home/ubuntu/.m2/repository/org/aspectj/aspectjweaver/1.8.9/aspectjweaver-1.8.9.jar:/home/ubuntu/.m2/repository/org/springframework/spring-beans/4.3.22.RELEASE/spring-beans-4.3.22.RELEASE.jar:/home/ubuntu/.m2/repository/org/springframework/spring-context/4.3.22.RELEASE/spring-context-4.3.22.RELEASE.jar:/home/ubuntu/.m2/repository/org/springframework/spring-context-support/4.3.22.RELEASE/spring-context-support-4.3.22.RELEASE.jar:/home/ubuntu/.m2/repository/org/springframework/spring-core/4.3.22.RELEASE/spring-core-4.3.22.RELEASE.jar:/home/ubuntu/.m2/repository/org/springframework/spring-expression/4.3.22.RELEASE/spring-expression-4.3.22.RELEASE.jar:/home/ubuntu/.m2/repository/org/springframework/spring-instrument/4.3.22.RELEASE/spring-instrument-4.3.22.RELEASE.jar:/home/ubuntu/.m2/repository/org/springframework/spring-instrument-tomcat/4.3.22.RELEASE/spring-instrument-tomcat-4.3.22.RELEASE.jar:/home/ubuntu/.m2/repository/org/springframework/spring-jdbc/4.3.22.RELEASE/spring-jdbc-4.3.22.RELEASE.jar:/home/ubuntu/.m2/repository/org/springframework/spring-test/4.3.22.RELEASE/spring-test-4.3.22.RELEASE.jar:/home/ubuntu/.m2/repository/org/springframework/spring-tx/4.3.22.RELEASE/spring-tx-4.3.22.RELEASE.jar:/home/ubuntu/.m2/repository/org/springframework/spring-web/4.3.22.RELEASE/spring-web-4.3.22.RELEASE.jar:/home/ubuntu/.m2/repository/org/springframework/security/spring-security-config/4.2.11.RELEASE/spring-security-config-4.2.11.RELEASE.jar:/home/ubuntu/.m2/repository/aopalliance/aopalliance/1.0/aopalliance-1.0.jar:/home/ubuntu/.m2/repository/org/springframework/security/spring-security-core/4.2.11.RELEASE/spring-security-core-4.2.11.RELEASE.jar:/home/ubuntu/.m2/repository/org/springframework/security/spring-security-crypto/4.2.11.RELEASE/spring-security-crypto-4.2.11.RELEASE.jar:/home/ubuntu/.m2/repository/org/springframework/security/spring-security-ldap/4.2.11.RELEASE/spring-security-ldap-4.2.11.RELEASE.jar:/home/ubuntu/.m2/repository/org/springframework/ldap/spring-ldap-core/2.3.2.RELEASE/spring-ldap-core-2.3.2.RELEASE.jar:/home/ubuntu/.m2/repository/org/springframework/security/spring-security-web/4.2.11.RELEASE/spring-security-web-4.2.11.RELEASE.jar:/home/ubuntu/.m2/repository/javax/transaction/transaction-api/1.1/transaction-api-1.1.jar:/home/ubuntu/.m2/repository/org/apache/wink/wink-common/1.4/wink-common-1.4.jar:/home/ubuntu/.m2/repository/com/sun/xml/bind/jaxb-impl/2.2.1.1/jaxb-impl-2.2.1.1.jar:/home/ubuntu/.m2/repository/javax/activation/activation/1.1/activation-1.1.jar:/home/ubuntu/.m2/repository/org/apache/geronimo/specs/geronimo-annotation_1.1_spec/1.0/geronimo-annotation_1.1_spec-1.0.jar:/home/ubuntu/.m2/repository/org/apache/wink/wink-server/1.4/wink-server-1.4.jar:/home/ubuntu/.m2/repository/commons-lang/commons-lang/2.3/commons-lang-2.3.jar:/home/ubuntu/.m2/repository/org/apache/geronimo/specs/geronimo-jaxrs_1.1_spec/1.0/geronimo-jaxrs_1.1_spec-1.0.jar:/home/ubuntu/.m2/repository/javax/xml/bind/jaxb-api/2.3.1/jaxb-api-2.3.1.jar:/home/ubuntu/.m2/repository/javax/activation/javax.activation-api/1.2.0/javax.activation-api-1.2.0.jar:/home/ubuntu/.m2/repository/junit/junit/4.12/junit-4.12.jar:/home/ubuntu/.m2/repository/org/hamcrest/hamcrest-core/1.3/hamcrest-core-1.3.jar:/home/ubuntu/.m2/repository/net/lightbody/bmp/browsermob-core/2.1.5/browsermob-core-2.1.5.jar:/home/ubuntu/.m2/repository/net/lightbody/bmp/littleproxy/1.1.0-beta-bmp-17/littleproxy-1.1.0-beta-bmp-17.jar:/home/ubuntu/.m2/repository/dnsjava/dnsjava/2.1.8/dnsjava-2.1.8.jar:/home/ubuntu/.m2/repository/com/jcraft/jzlib/1.1.3/jzlib-1.1.3.jar:/home/ubuntu/.m2/repository/net/lightbody/bmp/mitm/2.1.5/mitm-2.1.5.jar:/home/ubuntu/.m2/repository/io/netty/netty-all/4.0.42.Final/netty-all-4.0.42.Final.jar:/home/ubuntu/.m2/repository/org/apache/wink/wink-client/1.4/wink-client-1.4.jar:/home/ubuntu/.m2/repository/xml-apis/xml-apis/1.0.b2/xml-apis-1.0.b2.jar:/home/ubuntu/.m2/repository/org/codehaus/mojo/flatten-maven-plugin/1.1.0/flatten-maven-plugin-1.1.0.jar:/home/ubuntu/.m2/repository/org/apache/maven/maven-model/3.2.5/maven-model-3.2.5.jar:/home/ubuntu/.m2/repository/org/apache/maven/maven-model-builder/3.2.5/maven-model-builder-3.2.5.jar:/home/ubuntu/.m2/repository/org/codehaus/plexus/plexus-interpolation/1.21/plexus-interpolation-1.21.jar:/home/ubuntu/.m2/repository/org/codehaus/plexus/plexus-component-annotations/1.5.5/plexus-component-annotations-1.5.5.jar:/home/ubuntu/.m2/repository/org/apache/maven/maven-artifact/3.2.5/maven-artifact-3.2.5.jar:/home/ubuntu/.m2/repository/org/apache/maven/maven-core/3.2.5/maven-core-3.2.5.jar:/home/ubuntu/.m2/repository/org/apache/maven/maven-settings/3.2.5/maven-settings-3.2.5.jar:/home/ubuntu/.m2/repository/org/apache/maven/maven-settings-builder/3.2.5/maven-settings-builder-3.2.5.jar:/home/ubuntu/.m2/repository/org/apache/maven/maven-repository-metadata/3.2.5/maven-repository-metadata-3.2.5.jar:/home/ubuntu/.m2/repository/org/apache/maven/maven-aether-provider/3.2.5/maven-aether-provider-3.2.5.jar:/home/ubuntu/.m2/repository/org/eclipse/aether/aether-spi/1.0.0.v20140518/aether-spi-1.0.0.v20140518.jar:/home/ubuntu/.m2/repository/org/eclipse/aether/aether-impl/1.0.0.v20140518/aether-impl-1.0.0.v20140518.jar:/home/ubuntu/.m2/repository/org/eclipse/aether/aether-api/1.0.0.v20140518/aether-api-1.0.0.v20140518.jar:/home/ubuntu/.m2/repository/org/eclipse/aether/aether-util/1.0.0.v20140518/aether-util-1.0.0.v20140518.jar:/home/ubuntu/.m2/repository/org/eclipse/sisu/org.eclipse.sisu.plexus/0.3.0.M1/org.eclipse.sisu.plexus-0.3.0.M1.jar:/home/ubuntu/.m2/repository/javax/enterprise/cdi-api/1.0/cdi-api-1.0.jar:/home/ubuntu/.m2/repository/javax/annotation/jsr250-api/1.0/jsr250-api-1.0.jar:/home/ubuntu/.m2/repository/org/eclipse/sisu/org.eclipse.sisu.inject/0.3.0.M1/org.eclipse.sisu.inject-0.3.0.M1.jar:/home/ubuntu/.m2/repository/org/sonatype/sisu/sisu-guice/3.2.3/sisu-guice-3.2.3-no_aop.jar:/home/ubuntu/.m2/repository/javax/inject/javax.inject/1/javax.inject-1.jar:/home/ubuntu/.m2/repository/org/codehaus/plexus/plexus-classworlds/2.5.2/plexus-classworlds-2.5.2.jar:/home/ubuntu/.m2/repository/org/sonatype/plexus/plexus-sec-dispatcher/1.3/plexus-sec-dispatcher-1.3.jar:/home/ubuntu/.m2/repository/org/sonatype/plexus/plexus-cipher/1.4/plexus-cipher-1.4.jar:/home/ubuntu/.m2/repository/org/apache/maven/maven-plugin-api/3.2.5/maven-plugin-api-3.2.5.jar:/home/ubuntu/.m2/repository/org/codehaus/plexus/plexus-utils/3.0.24/plexus-utils-3.0.24.jar:/home/ubuntu/.m2/repository/org/apache/maven/shared/maven-artifact-transfer/0.9.0/maven-artifact-transfer-0.9.0.jar:/home/ubuntu/.m2/repository/org/apache/maven/shared/maven-common-artifact-filters/3.0.0/maven-common-artifact-filters-3.0.0.jar:/home/ubuntu/.m2/repository/org/sonatype/sisu/sisu-inject-plexus/1.4.2/sisu-inject-plexus-1.4.2.jar:/home/ubuntu/.m2/repository/org/sonatype/sisu/sisu-inject-bean/1.4.2/sisu-inject-bean-1.4.2.jar:/home/ubuntu/.m2/repository/org/sonatype/sisu/sisu-guice/2.1.7/sisu-guice-2.1.7-noaop.jar:/home/ubuntu/.m2/repository/org/apache/maven/shared/maven-shared-utils/3.0.0/maven-shared-utils-3.0.0.jar:"/>
    <property name="java.vm.vendor" value="Oracle Corporation"/>
    <property name="sun.arch.data.model" value="64"/>
    <property name="java.vendor.url" value="http://java.oracle.com/"/>
    <property name="user.timezone" value=""/>
    <property name="java.vm.specification.version" value="1.8"/>
    <property name="os.name" value="Linux"/>
    <property name="sun.java.launcher" value="SUN_STANDARD"/>
    <property name="sun.boot.library.path" value="/usr/lib/jvm/java-8-openjdk-amd64/jre/lib/amd64"/>
    <property name="CONTEXT_KEY_PREVIOUSLY_PULLED" value="{&quot;tomcat:8.5&quot;:true}"/>
    <property name="sun.java.command" value="/home/ubuntu/sync-endpoint-default-setup/sync-endpoint/mysql-test/target/surefire/surefirebooter8695264260776414034.jar /home/ubuntu/sync-endpoint-default-setup/sync-endpoint/mysql-test/target/surefire 2019-07-16T22-02-33_155-jvmRun1 surefire3870355081036625790tmp surefire_17565642924899128818tmp"/>
    <property name="surefire.test.class.path" value="/home/ubuntu/sync-endpoint-default-setup/sync-endpoint/mysql-test/target/test-classes:/home/ubuntu/sync-endpoint-default-setup/sync-endpoint/mysql-test/target/mysql-test-2.1.3.jar:/home/ubuntu/.m2/repository/org/apache/commons/commons-pool2/2.6.0/commons-pool2-2.6.0.jar:/home/ubuntu/.m2/repository/org/apache/commons/commons-dbcp2/2.5.0/commons-dbcp2-2.5.0.jar:/home/ubuntu/.m2/repository/com/microsoft/sqlserver/mssql-jdbc/7.0.0.jre8/mssql-jdbc-7.0.0.jre8.jar:/home/ubuntu/.m2/repository/com/microsoft/azure/adal4j/1.6.3/adal4j-1.6.3.jar:/home/ubuntu/.m2/repository/com/nimbusds/oauth2-oidc-sdk/5.64.4/oauth2-oidc-sdk-5.64.4.jar:/home/ubuntu/.m2/repository/com/sun/mail/javax.mail/1.6.1/javax.mail-1.6.1.jar:/home/ubuntu/.m2/repository/com/github/stephenc/jcip/jcip-annotations/1.0-1/jcip-annotations-1.0-1.jar:/home/ubuntu/.m2/repository/net/minidev/json-smart/2.3/json-smart-2.3.jar:/home/ubuntu/.m2/repository/net/minidev/accessors-smart/1.2/accessors-smart-1.2.jar:/home/ubuntu/.m2/repository/org/ow2/asm/asm/5.0.4/asm-5.0.4.jar:/home/ubuntu/.m2/repository/com/nimbusds/lang-tag/1.4.4/lang-tag-1.4.4.jar:/home/ubuntu/.m2/repository/com/nimbusds/nimbus-jose-jwt/7.4/nimbus-jose-jwt-7.4.jar:/home/ubuntu/.m2/repository/org/bouncycastle/bcprov-jdk15on/1.60/bcprov-jdk15on-1.60.jar:/home/ubuntu/.m2/repository/org/bouncycastle/bcpkix-jdk15on/1.60/bcpkix-jdk15on-1.60.jar:/home/ubuntu/.m2/repository/commons-codec/commons-codec/1.11/commons-codec-1.11.jar:/home/ubuntu/.m2/repository/commons-fileupload/commons-fileupload/1.4/commons-fileupload-1.4.jar:/home/ubuntu/.m2/repository/commons-io/commons-io/2.6/commons-io-2.6.jar:/home/ubuntu/.m2/repository/org/apache/commons/commons-lang3/3.5/commons-lang3-3.5.jar:/home/ubuntu/.m2/repository/commons-logging/commons-logging/1.2/commons-logging-1.2.jar:/home/ubuntu/.m2/repository/com/google/api-client/google-api-client/1.28.0/google-api-client-1.28.0.jar:/home/ubuntu/.m2/repository/com/google/http-client/google-http-client-apache/2.0.0/google-http-client-apache-2.0.0.jar:/home/ubuntu/.m2/repository/com/google/apis/google-api-services-sheets/v4-rev553-1.25.0/google-api-services-sheets-v4-rev553-1.25.0.jar:/home/ubuntu/.m2/repository/com/google/apis/google-api-services-drive/v3-rev136-1.25.0/google-api-services-drive-v3-rev136-1.25.0.jar:/home/ubuntu/.m2/repository/com/google/code/gson/gson/2.8.5/gson-2.8.5.jar:/home/ubuntu/.m2/repository/com/google/guava/guava/27.0.1-jre/guava-27.0.1-jre.jar:/home/ubuntu/.m2/repository/com/google/guava/failureaccess/1.0.1/failureaccess-1.0.1.jar:/home/ubuntu/.m2/repository/com/google/guava/listenablefuture/9999.0-empty-to-avoid-conflict-with-guava/listenablefuture-9999.0-empty-to-avoid-conflict-with-guava.jar:/home/ubuntu/.m2/repository/org/checkerframework/checker-qual/2.5.2/checker-qual-2.5.2.jar:/home/ubuntu/.m2/repository/com/google/errorprone/error_prone_annotations/2.2.0/error_prone_annotations-2.2.0.jar:/home/ubuntu/.m2/repository/com/google/j2objc/j2objc-annotations/1.1/j2objc-annotations-1.1.jar:/home/ubuntu/.m2/repository/org/codehaus/mojo/animal-sniffer-annotations/1.17/animal-sniffer-annotations-1.17.jar:/home/ubuntu/.m2/repository/com/google/http-client/google-http-client/1.28.0/google-http-client-1.28.0.jar:/home/ubuntu/.m2/repository/io/opencensus/opencensus-api/0.18.0/opencensus-api-0.18.0.jar:/home/ubuntu/.m2/repository/io/grpc/grpc-context/1.14.0/grpc-context-1.14.0.jar:/home/ubuntu/.m2/repository/io/opencensus/opencensus-contrib-http-util/0.18.0/opencensus-contrib-http-util-0.18.0.jar:/home/ubuntu/.m2/repository/com/google/http-client/google-http-client-jackson2/1.28.0/google-http-client-jackson2-1.28.0.jar:/home/ubuntu/.m2/repository/com/google/oauth-client/google-oauth-client/1.28.0/google-oauth-client-1.28.0.jar:/home/ubuntu/.m2/repository/org/apache/httpcomponents/httpclient/4.5.7/httpclient-4.5.7.jar:/home/ubuntu/.m2/repository/org/apache/httpcomponents/httpcore/4.4.11/httpcore-4.4.11.jar:/home/ubuntu/.m2/repository/org/apache/httpcomponents/httpmime/4.5.7/httpmime-4.5.7.jar:/home/ubuntu/.m2/repository/com/fasterxml/jackson/core/jackson-annotations/2.9.8/jackson-annotations-2.9.8.jar:/home/ubuntu/.m2/repository/com/fasterxml/jackson/core/jackson-core/2.9.8/jackson-core-2.9.8.jar:/home/ubuntu/.m2/repository/com/fasterxml/jackson/core/jackson-databind/2.9.8/jackson-databind-2.9.8.jar:/home/ubuntu/.m2/repository/com/fasterxml/jackson/dataformat/jackson-dataformat-xml/2.9.8/jackson-dataformat-xml-2.9.8.jar:/home/ubuntu/.m2/repository/com/fasterxml/jackson/module/jackson-module-jaxb-annotations/2.9.8/jackson-module-jaxb-annotations-2.9.8.jar:/home/ubuntu/.m2/repository/org/codehaus/woodstox/stax2-api/3.1.4/stax2-api-3.1.4.jar:/home/ubuntu/.m2/repository/com/fasterxml/woodstox/woodstox-core/5.0.3/woodstox-core-5.0.3.jar:/home/ubuntu/.m2/repository/com/fasterxml/jackson/jaxrs/jackson-jaxrs-json-provider/2.9.8/jackson-jaxrs-json-provider-2.9.8.jar:/home/ubuntu/.m2/repository/com/fasterxml/jackson/jaxrs/jackson-jaxrs-base/2.9.8/jackson-jaxrs-base-2.9.8.jar:/home/ubuntu/.m2/repository/com/fasterxml/jackson/jaxrs/jackson-jaxrs-xml-provider/2.9.8/jackson-jaxrs-xml-provider-2.9.8.jar:/home/ubuntu/.m2/repository/org/codehaus/woodstox/woodstox-core-asl/4.4.1/woodstox-core-asl-4.4.1.jar:/home/ubuntu/.m2/repository/javax/xml/stream/stax-api/1.0-2/stax-api-1.0-2.jar:/home/ubuntu/.m2/repository/com/github/jai-imageio/jai-imageio-core/1.4.0/jai-imageio-core-1.4.0.jar:/home/ubuntu/.m2/repository/org/opendatakit/opendatakit-javarosa/2.8.1/opendatakit-javarosa-2.8.1.jar:/home/ubuntu/.m2/repository/joda-time/joda-time/2.10.1/joda-time-2.10.1.jar:/home/ubuntu/.m2/repository/com/google/code/findbugs/jsr305/3.0.2/jsr305-3.0.2.jar:/home/ubuntu/.m2/repository/net/sf/kxml/kxml2/2.3.0/kxml2-2.3.0.jar:/home/ubuntu/.m2/repository/mysql/mysql-connector-java/5.1.47/mysql-connector-java-5.1.47.jar:/home/ubuntu/.m2/repository/org/postgresql/postgresql/42.2.5.jre7/postgresql-42.2.5.jre7.jar:/home/ubuntu/.m2/repository/javax/servlet/javax.servlet-api/4.0.1/javax.servlet-api-4.0.1.jar:/home/ubuntu/.m2/repository/org/slf4j/slf4j-api/1.7.25/slf4j-api-1.7.25.jar:/home/ubuntu/.m2/repository/org/slf4j/slf4j-jcl/1.7.25/slf4j-jcl-1.7.25.jar:/home/ubuntu/.m2/repository/org/springframework/spring-aop/4.3.22.RELEASE/spring-aop-4.3.22.RELEASE.jar:/home/ubuntu/.m2/repository/org/springframework/spring-aspects/4.3.22.RELEASE/spring-aspects-4.3.22.RELEASE.jar:/home/ubuntu/.m2/repository/org/aspectj/aspectjweaver/1.8.9/aspectjweaver-1.8.9.jar:/home/ubuntu/.m2/repository/org/springframework/spring-beans/4.3.22.RELEASE/spring-beans-4.3.22.RELEASE.jar:/home/ubuntu/.m2/repository/org/springframework/spring-context/4.3.22.RELEASE/spring-context-4.3.22.RELEASE.jar:/home/ubuntu/.m2/repository/org/springframework/spring-context-support/4.3.22.RELEASE/spring-context-support-4.3.22.RELEASE.jar:/home/ubuntu/.m2/repository/org/springframework/spring-core/4.3.22.RELEASE/spring-core-4.3.22.RELEASE.jar:/home/ubuntu/.m2/repository/org/springframework/spring-expression/4.3.22.RELEASE/spring-expression-4.3.22.RELEASE.jar:/home/ubuntu/.m2/repository/org/springframework/spring-instrument/4.3.22.RELEASE/spring-instrument-4.3.22.RELEASE.jar:/home/ubuntu/.m2/repository/org/springframework/spring-instrument-tomcat/4.3.22.RELEASE/spring-instrument-tomcat-4.3.22.RELEASE.jar:/home/ubuntu/.m2/repository/org/springframework/spring-jdbc/4.3.22.RELEASE/spring-jdbc-4.3.22.RELEASE.jar:/home/ubuntu/.m2/repository/org/springframework/spring-test/4.3.22.RELEASE/spring-test-4.3.22.RELEASE.jar:/home/ubuntu/.m2/repository/org/springframework/spring-tx/4.3.22.RELEASE/spring-tx-4.3.22.RELEASE.jar:/home/ubuntu/.m2/repository/org/springframework/spring-web/4.3.22.RELEASE/spring-web-4.3.22.RELEASE.jar:/home/ubuntu/.m2/repository/org/springframework/security/spring-security-config/4.2.11.RELEASE/spring-security-config-4.2.11.RELEASE.jar:/home/ubuntu/.m2/repository/aopalliance/aopalliance/1.0/aopalliance-1.0.jar:/home/ubuntu/.m2/repository/org/springframework/security/spring-security-core/4.2.11.RELEASE/spring-security-core-4.2.11.RELEASE.jar:/home/ubuntu/.m2/repository/org/springframework/security/spring-security-crypto/4.2.11.RELEASE/spring-security-crypto-4.2.11.RELEASE.jar:/home/ubuntu/.m2/repository/org/springframework/security/spring-security-ldap/4.2.11.RELEASE/spring-security-ldap-4.2.11.RELEASE.jar:/home/ubuntu/.m2/repository/org/springframework/ldap/spring-ldap-core/2.3.2.RELEASE/spring-ldap-core-2.3.2.RELEASE.jar:/home/ubuntu/.m2/repository/org/springframework/security/spring-security-web/4.2.11.RELEASE/spring-security-web-4.2.11.RELEASE.jar:/home/ubuntu/.m2/repository/javax/transaction/transaction-api/1.1/transaction-api-1.1.jar:/home/ubuntu/.m2/repository/org/apache/wink/wink-common/1.4/wink-common-1.4.jar:/home/ubuntu/.m2/repository/com/sun/xml/bind/jaxb-impl/2.2.1.1/jaxb-impl-2.2.1.1.jar:/home/ubuntu/.m2/repository/javax/activation/activation/1.1/activation-1.1.jar:/home/ubuntu/.m2/repository/org/apache/geronimo/specs/geronimo-annotation_1.1_spec/1.0/geronimo-annotation_1.1_spec-1.0.jar:/home/ubuntu/.m2/repository/org/apache/wink/wink-server/1.4/wink-server-1.4.jar:/home/ubuntu/.m2/repository/commons-lang/commons-lang/2.3/commons-lang-2.3.jar:/home/ubuntu/.m2/repository/org/apache/geronimo/specs/geronimo-jaxrs_1.1_spec/1.0/geronimo-jaxrs_1.1_spec-1.0.jar:/home/ubuntu/.m2/repository/javax/xml/bind/jaxb-api/2.3.1/jaxb-api-2.3.1.jar:/home/ubuntu/.m2/repository/javax/activation/javax.activation-api/1.2.0/javax.activation-api-1.2.0.jar:/home/ubuntu/.m2/repository/junit/junit/4.12/junit-4.12.jar:/home/ubuntu/.m2/repository/org/hamcrest/hamcrest-core/1.3/hamcrest-core-1.3.jar:/home/ubuntu/.m2/repository/net/lightbody/bmp/browsermob-core/2.1.5/browsermob-core-2.1.5.jar:/home/ubuntu/.m2/repository/net/lightbody/bmp/littleproxy/1.1.0-beta-bmp-17/littleproxy-1.1.0-beta-bmp-17.jar:/home/ubuntu/.m2/repository/dnsjava/dnsjava/2.1.8/dnsjava-2.1.8.jar:/home/ubuntu/.m2/repository/com/jcraft/jzlib/1.1.3/jzlib-1.1.3.jar:/home/ubuntu/.m2/repository/net/lightbody/bmp/mitm/2.1.5/mitm-2.1.5.jar:/home/ubuntu/.m2/repository/io/netty/netty-all/4.0.42.Final/netty-all-4.0.42.Final.jar:/home/ubuntu/.m2/repository/org/apache/wink/wink-client/1.4/wink-client-1.4.jar:/home/ubuntu/.m2/repository/xml-apis/xml-apis/1.0.b2/xml-apis-1.0.b2.jar:/home/ubuntu/.m2/repository/org/codehaus/mojo/flatten-maven-plugin/1.1.0/flatten-maven-plugin-1.1.0.jar:/home/ubuntu/.m2/repository/org/apache/maven/maven-model/3.2.5/maven-model-3.2.5.jar:/home/ubuntu/.m2/repository/org/apache/maven/maven-model-builder/3.2.5/maven-model-builder-3.2.5.jar:/home/ubuntu/.m2/repository/org/codehaus/plexus/plexus-interpolation/1.21/plexus-interpolation-1.21.jar:/home/ubuntu/.m2/repository/org/codehaus/plexus/plexus-component-annotations/1.5.5/plexus-component-annotations-1.5.5.jar:/home/ubuntu/.m2/repository/org/apache/maven/maven-artifact/3.2.5/maven-artifact-3.2.5.jar:/home/ubuntu/.m2/repository/org/apache/maven/maven-core/3.2.5/maven-core-3.2.5.jar:/home/ubuntu/.m2/repository/org/apache/maven/maven-settings/3.2.5/maven-settings-3.2.5.jar:/home/ubuntu/.m2/repository/org/apache/maven/maven-settings-builder/3.2.5/maven-settings-builder-3.2.5.jar:/home/ubuntu/.m2/repository/org/apache/maven/maven-repository-metadata/3.2.5/maven-repository-metadata-3.2.5.jar:/home/ubuntu/.m2/repository/org/apache/maven/maven-aether-provider/3.2.5/maven-aether-provider-3.2.5.jar:/home/ubuntu/.m2/repository/org/eclipse/aether/aether-spi/1.0.0.v20140518/aether-spi-1.0.0.v20140518.jar:/home/ubuntu/.m2/repository/org/eclipse/aether/aether-impl/1.0.0.v20140518/aether-impl-1.0.0.v20140518.jar:/home/ubuntu/.m2/repository/org/eclipse/aether/aether-api/1.0.0.v20140518/aether-api-1.0.0.v20140518.jar:/home/ubuntu/.m2/repository/org/eclipse/aether/aether-util/1.0.0.v20140518/aether-util-1.0.0.v20140518.jar:/home/ubuntu/.m2/repository/org/eclipse/sisu/org.eclipse.sisu.plexus/0.3.0.M1/org.eclipse.sisu.plexus-0.3.0.M1.jar:/home/ubuntu/.m2/repository/javax/enterprise/cdi-api/1.0/cdi-api-1.0.jar:/home/ubuntu/.m2/repository/javax/annotation/jsr250-api/1.0/jsr250-api-1.0.jar:/home/ubuntu/.m2/repository/org/eclipse/sisu/org.eclipse.sisu.inject/0.3.0.M1/org.eclipse.sisu.inject-0.3.0.M1.jar:/home/ubuntu/.m2/repository/org/sonatype/sisu/sisu-guice/3.2.3/sisu-guice-3.2.3-no_aop.jar:/home/ubuntu/.m2/repository/javax/inject/javax.inject/1/javax.inject-1.jar:/home/ubuntu/.m2/repository/org/codehaus/plexus/plexus-classworlds/2.5.2/plexus-classworlds-2.5.2.jar:/home/ubuntu/.m2/repository/org/sonatype/plexus/plexus-sec-dispatcher/1.3/plexus-sec-dispatcher-1.3.jar:/home/ubuntu/.m2/repository/org/sonatype/plexus/plexus-cipher/1.4/plexus-cipher-1.4.jar:/home/ubuntu/.m2/repository/org/apache/maven/maven-plugin-api/3.2.5/maven-plugin-api-3.2.5.jar:/home/ubuntu/.m2/repository/org/codehaus/plexus/plexus-utils/3.0.24/plexus-utils-3.0.24.jar:/home/ubuntu/.m2/repository/org/apache/maven/shared/maven-artifact-transfer/0.9.0/maven-artifact-transfer-0.9.0.jar:/home/ubuntu/.m2/repository/org/apache/maven/shared/maven-common-artifact-filters/3.0.0/maven-common-artifact-filters-3.0.0.jar:/home/ubuntu/.m2/repository/org/sonatype/sisu/sisu-inject-plexus/1.4.2/sisu-inject-plexus-1.4.2.jar:/home/ubuntu/.m2/repository/org/sonatype/sisu/sisu-inject-bean/1.4.2/sisu-inject-bean-1.4.2.jar:/home/ubuntu/.m2/repository/org/sonatype/sisu/sisu-guice/2.1.7/sisu-guice-2.1.7-noaop.jar:/home/ubuntu/.m2/repository/org/apache/maven/shared/maven-shared-utils/3.0.0/maven-shared-utils-3.0.0.jar:"/>
    <property name="sun.cpu.endian" value="little"/>
    <property name="user.home" value="/home/ubuntu"/>
    <property name="user.language" value="en"/>
    <property name="java.specification.vendor" value="Oracle Corporation"/>
    <property name="java.home" value="/usr/lib/jvm/java-8-openjdk-amd64/jre"/>
    <property name="basedir" value="/home/ubuntu/sync-endpoint-default-setup/sync-endpoint/mysql-test"/>
    <property name="file.separator" value="/"/>
    <property name="test.server.username" value="john"/>
    <property name="line.separator" value="&#10;"/>
    <property name="java.vm.specification.vendor" value="Oracle Corporation"/>
    <property name="java.specification.name" value="Java Platform API Specification"/>
    <property name="java.awt.graphicsenv" value="sun.awt.X11GraphicsEnvironment"/>
    <property name="surefire.real.class.path" value="/home/ubuntu/sync-endpoint-default-setup/sync-endpoint/mysql-test/target/surefire/surefirebooter8695264260776414034.jar"/>
    <property name="sun.boot.class.path" value="/usr/lib/jvm/java-8-openjdk-amd64/jre/lib/resources.jar:/usr/lib/jvm/java-8-openjdk-amd64/jre/lib/rt.jar:/usr/lib/jvm/java-8-openjdk-amd64/jre/lib/sunrsasign.jar:/usr/lib/jvm/java-8-openjdk-amd64/jre/lib/jsse.jar:/usr/lib/jvm/java-8-openjdk-amd64/jre/lib/jce.jar:/usr/lib/jvm/java-8-openjdk-amd64/jre/lib/charsets.jar:/usr/lib/jvm/java-8-openjdk-amd64/jre/lib/jfr.jar:/usr/lib/jvm/java-8-openjdk-amd64/jre/classes"/>
    <property name="sun.management.compiler" value="HotSpot 64-Bit Tiered Compilers"/>
    <property name="java.runtime.version" value="1.8.0_212-8u212-b03-0ubuntu1.18.04.1-b03"/>
    <property name="user.name" value="ubuntu"/>
    <property name="path.separator" value=":"/>
    <property name="os.version" value="4.15.0-1043-aws"/>
    <property name="test.server.hostname" value="localhost"/>
    <property name="java.endorsed.dirs" value="/usr/lib/jvm/java-8-openjdk-amd64/jre/lib/endorsed"/>
    <property name="java.runtime.name" value="OpenJDK Runtime Environment"/>
    <property name="file.encoding" value="UTF-8"/>
    <property name="java.vm.name" value="OpenJDK 64-Bit Server VM"/>
    <property name="test.server.port" value="8888"/>
    <property name="localRepository" value="/home/ubuntu/.m2/repository"/>
    <property name="test.server.password" value="12345678"/>
    <property name="java.vendor.url.bug" value="http://bugreport.sun.com/bugreport/"/>
    <property name="java.io.tmpdir" value="/tmp"/>
    <property name="java.version" value="1.8.0_212"/>
    <property name="user.dir" value="/home/ubuntu/sync-endpoint-default-setup/sync-endpoint/mysql-test"/>
    <property name="os.arch" value="amd64"/>
    <property name="java.vm.specification.name" value="Java Virtual Machine Specification"/>
    <property name="java.awt.printerjob" value="sun.print.PSPrinterJob"/>
    <property name="sun.os.patch.level" value="unknown"/>
    <property name="java.library.path" value="/usr/java/packages/lib/amd64:/usr/lib/x86_64-linux-gnu/jni:/lib/x86_64-linux-gnu:/usr/lib/x86_64-linux-gnu:/usr/lib/jni:/lib:/usr/lib"/>
    <property name="java.vm.info" value="mixed mode"/>
    <property name="java.vendor" value="Oracle Corporation"/>
    <property name="java.vm.version" value="25.212-b03"/>
    <property name="java.ext.dirs" value="/usr/lib/jvm/java-8-openjdk-amd64/jre/lib/ext:/usr/java/packages/lib/ext"/>
    <property name="sun.io.unicode.encoding" value="UnicodeLittle"/>
    <property name="java.class.version" value="52.0"/>
  </properties>
  <testcase name="testCreateTableAlreadyExists" classname="org.opendatakit.aggregate.odktables.api.TableServiceTestIT" time="1.26"/>
  <testcase name="testGetTable" classname="org.opendatakit.aggregate.odktables.api.TableServiceTestIT" time="1.246"/>
  <testcase name="testCreateTable" classname="org.opendatakit.aggregate.odktables.api.TableServiceTestIT" time="1.215"/>
  <testcase name="testGetTableDoesNotExist" classname="org.opendatakit.aggregate.odktables.api.TableServiceTestIT" time="0.024"/>
  <testcase name="testGetTablesEmpty" classname="org.opendatakit.aggregate.odktables.api.TableServiceTestIT" time="0.036"/>
  <testcase name="testCreateTableTwice" classname="org.opendatakit.aggregate.odktables.api.TableServiceTestIT" time="1.249"/>
</testsuite>